#
# There is insufficient memory for the Java Runtime Environment to continue.
# Native memory allocation (mmap) failed to map 1073741824 bytes for G1 virtual space
# Possible reasons:
#   The system is out of physical RAM or swap space
#   The process is running with CompressedOops enabled, and the Java Heap may be blocking the growth of the native heap
# Possible solutions:
#   Reduce memory load on the system
#   Increase physical memory or swap space
#   Check if swap backing store is full
#   Decrease Java heap size (-Xmx/-Xms)
#   Decrease number of Java threads
#   Decrease Java thread stack sizes (-Xss)
#   Set larger code cache with -XX:ReservedCodeCacheSize=
#   JVM is running with Zero Based Compressed Oops mode in which the Java heap is
#     placed in the first 32GB address space. The Java Heap base address is the
#     maximum limit for the native heap growth. Please use -XX:HeapBaseMinAddress
#     to set the Java Heap base and to place the Java Heap above 32GB virtual address.
# This output file may be truncated or incomplete.
#
#  Out of Memory Error (os_windows.cpp:3548), pid=84292, tid=85628
#
# JRE version:  (17.0.5+8) (build )
# Java VM: OpenJDK 64-Bit Server VM (17.0.5+8, mixed mode, sharing, tiered, compressed oops, compressed class ptrs, g1 gc, windows-amd64)
# No core dump will be written. Minidumps are not enabled by default on client versions of Windows
#

---------------  S U M M A R Y ------------

Command Line: -Dfile.encoding=UTF-8 -XX:+ShowCodeDetailsInExceptionMessages Application

Host: Intel(R) Core(TM) i7-9750H CPU @ 2.60GHz, 12 cores, 63G,  Windows 11 , 64 bit Build 22000 (10.0.22000.1335)
Time: Wed Jan 18 12:57:19 2023  Windows 11 , 64 bit Build 22000 (10.0.22000.1335) elapsed time: 0.019302 seconds (0d 0h 0m 0s)

---------------  T H R E A D  ---------------

Current thread (0x000002dda841dd80):  JavaThread "Unknown thread" [_thread_in_vm, id=85628, stack(0x000000e565200000,0x000000e565300000)]

Stack: [0x000000e565200000,0x000000e565300000]
Native frames: (J=compiled Java code, j=interpreted, Vv=VM code, C=native code)
V  [jvm.dll+0x676b3a]
V  [jvm.dll+0x831444]
V  [jvm.dll+0x832bee]
V  [jvm.dll+0x833253]
V  [jvm.dll+0x244ce5]
V  [jvm.dll+0x673a49]
V  [jvm.dll+0x66811a]
V  [jvm.dll+0x303ceb]
V  [jvm.dll+0x30b1e6]
V  [jvm.dll+0x35adbe]
V  [jvm.dll+0x35afef]
V  [jvm.dll+0x2dab88]
V  [jvm.dll+0x2dbaf4]
V  [jvm.dll+0x803121]
V  [jvm.dll+0x368bb1]
V  [jvm.dll+0x7e265c]
V  [jvm.dll+0x3eb17f]
V  [jvm.dll+0x3eccc1]
C  [jli.dll+0x5267]
C  [ucrtbase.dll+0x26c0c]
C  [KERNEL32.DLL+0x155a0]
C  [ntdll.dll+0x485b]


---------------  P R O C E S S  ---------------

Threads class SMR info:
_java_thread_list=0x00007ffbb08c2f18, length=0, elements={
}

Java Threads: ( => current thread )

Other Threads:
  0x000002dda84ccff0 GCTaskThread "GC Thread#0" [stack: 0x000000e565300000,0x000000e565400000] [id=87028]
  0x000002dda84ddd80 ConcurrentGCThread "G1 Main Marker" [stack: 0x000000e565400000,0x000000e565500000] [id=51848]
  0x000002dda84e00a0 ConcurrentGCThread "G1 Conc#0" [stack: 0x000000e565500000,0x000000e565600000] [id=85540]

[error occurred during error reporting (printing all threads), id 0xc0000005, EXCEPTION_ACCESS_VIOLATION (0xc0000005) at pc=0x00007ffbb009b617]

VM state: not at safepoint (not fully initialized)

VM Mutex/Monitor currently owned by a thread:  ([mutex/lock_event])
[0x000002dda8419ea0] Heap_lock - owner thread: 0x000002dda841dd80

Heap address: 0x0000000403000000, size: 16336 MB, Compressed Oops mode: Zero based, Oop shift amount: 3

CDS archive(s) mapped at: [0x0000000000000000-0x0000000000000000-0x0000000000000000), size 0, SharedBaseAddress: 0x0000000800000000, ArchiveRelocationMode: 0.
Narrow klass base: 0x0000000000000000, Narrow klass shift: 0, Narrow klass range: 0x0

GC Precious Log:
<Empty>

Heap:
 garbage-first heap   total 0K, used 0K [0x0000000403000000, 0x0000000800000000)
  region size 8192K, 0 young (0K), 0 survivors (0K)

[error occurred during error reporting (printing heap information), id 0xc0000005, EXCEPTION_ACCESS_VIOLATION (0xc0000005) at pc=0x00007ffbb047fcb9]

GC Heap History (0 events):
No events

Dll operation events (1 events):
Event: 0.012 Loaded shared library C:\Users\giant\.p2\pool\plugins\org.eclipse.justj.openjdk.hotspot.jre.full.win32.x86_64_17.0.5.v20221102-0933\jre\bin\java.dll

Deoptimization events (0 events):
No events

Classes unloaded (0 events):
No events

Classes redefined (0 events):
No events

Internal exceptions (0 events):
No events

VM Operations (0 events):
No events

Events (0 events):
No events


Dynamic libraries:
0x00007ff6f77c0000 - 0x00007ff6f77ce000 	C:\Users\giant\.p2\pool\plugins\org.eclipse.justj.openjdk.hotspot.jre.full.win32.x86_64_17.0.5.v20221102-0933\jre\bin\javaw.exe
0x00007ffc42de0000 - 0x00007ffc42fe9000 	C:\WINDOWS\SYSTEM32\ntdll.dll
0x00007ffc41d70000 - 0x00007ffc41e2e000 	C:\WINDOWS\System32\KERNEL32.DLL
0x00007ffc40820000 - 0x00007ffc40b9b000 	C:\WINDOWS\System32\KERNELBASE.dll
0x00007ffc40420000 - 0x00007ffc40531000 	C:\WINDOWS\System32\ucrtbase.dll
0x00007ffc2ccb0000 - 0x00007ffc2ccc9000 	C:\Users\giant\.p2\pool\plugins\org.eclipse.justj.openjdk.hotspot.jre.full.win32.x86_64_17.0.5.v20221102-0933\jre\bin\VCRUNTIME140.dll
0x00007ffc2b300000 - 0x00007ffc2b317000 	C:\Users\giant\.p2\pool\plugins\org.eclipse.justj.openjdk.hotspot.jre.full.win32.x86_64_17.0.5.v20221102-0933\jre\bin\jli.dll
0x00007ffc42290000 - 0x00007ffc4243d000 	C:\WINDOWS\System32\USER32.dll
0x00007ffc40540000 - 0x00007ffc40566000 	C:\WINDOWS\System32\win32u.dll
0x00007ffc41e30000 - 0x00007ffc41e59000 	C:\WINDOWS\System32\GDI32.dll
0x00007ffc232a0000 - 0x00007ffc23545000 	C:\WINDOWS\WinSxS\amd64_microsoft.windows.common-controls_6595b64144ccf1df_6.0.22000.120_none_9d947278b86cc467\COMCTL32.dll
0x00007ffc40660000 - 0x00007ffc40778000 	C:\WINDOWS\System32\gdi32full.dll
0x00007ffc417d0000 - 0x00007ffc41873000 	C:\WINDOWS\System32\msvcrt.dll
0x00007ffc40780000 - 0x00007ffc4081d000 	C:\WINDOWS\System32\msvcp_win.dll
0x00007ffc41b30000 - 0x00007ffc41b62000 	C:\WINDOWS\System32\IMM32.DLL
0x00007ffc3b6c0000 - 0x00007ffc3b6cc000 	C:\Users\giant\.p2\pool\plugins\org.eclipse.justj.openjdk.hotspot.jre.full.win32.x86_64_17.0.5.v20221102-0933\jre\bin\vcruntime140_1.dll
0x00007ffc0c6d0000 - 0x00007ffc0c761000 	C:\Users\giant\.p2\pool\plugins\org.eclipse.justj.openjdk.hotspot.jre.full.win32.x86_64_17.0.5.v20221102-0933\jre\bin\msvcp140.dll
0x00007ffbafdb0000 - 0x00007ffbb09f4000 	C:\Users\giant\.p2\pool\plugins\org.eclipse.justj.openjdk.hotspot.jre.full.win32.x86_64_17.0.5.v20221102-0933\jre\bin\server\jvm.dll
0x00007ffc42170000 - 0x00007ffc4221e000 	C:\WINDOWS\System32\ADVAPI32.dll
0x00007ffc41fb0000 - 0x00007ffc4204e000 	C:\WINDOWS\System32\sechost.dll
0x00007ffc42050000 - 0x00007ffc42170000 	C:\WINDOWS\System32\RPCRT4.dll
0x00007ffc2b050000 - 0x00007ffc2b059000 	C:\WINDOWS\SYSTEM32\WSOCK32.dll
0x00007ffc36360000 - 0x00007ffc3636a000 	C:\WINDOWS\SYSTEM32\VERSION.dll
0x00007ffc3a7e0000 - 0x00007ffc3a813000 	C:\WINDOWS\SYSTEM32\WINMM.dll
0x00007ffc42220000 - 0x00007ffc4228f000 	C:\WINDOWS\System32\WS2_32.dll
0x00007ffc3f3e0000 - 0x00007ffc3f3f8000 	C:\WINDOWS\SYSTEM32\kernel.appcore.dll
0x00007ffc3b6b0000 - 0x00007ffc3b6ba000 	C:\Users\giant\.p2\pool\plugins\org.eclipse.justj.openjdk.hotspot.jre.full.win32.x86_64_17.0.5.v20221102-0933\jre\bin\jimage.dll
0x00007ffc3dc90000 - 0x00007ffc3deb1000 	C:\WINDOWS\SYSTEM32\DBGHELP.DLL
0x00007ffc2f030000 - 0x00007ffc2f061000 	C:\WINDOWS\SYSTEM32\dbgcore.DLL
0x00007ffc405e0000 - 0x00007ffc4065f000 	C:\WINDOWS\System32\bcryptPrimitives.dll
0x00007ffc26890000 - 0x00007ffc268b5000 	C:\Users\giant\.p2\pool\plugins\org.eclipse.justj.openjdk.hotspot.jre.full.win32.x86_64_17.0.5.v20221102-0933\jre\bin\java.dll

dbghelp: loaded successfully - version: 4.0.5 - missing functions: none
symbol engine: initialized successfully - sym options: 0x614 - pdb path: .;C:\Users\giant\.p2\pool\plugins\org.eclipse.justj.openjdk.hotspot.jre.full.win32.x86_64_17.0.5.v20221102-0933\jre\bin;C:\WINDOWS\SYSTEM32;C:\WINDOWS\WinSxS\amd64_microsoft.windows.common-controls_6595b64144ccf1df_6.0.22000.120_none_9d947278b86cc467;C:\Users\giant\.p2\pool\plugins\org.eclipse.justj.openjdk.hotspot.jre.full.win32.x86_64_17.0.5.v20221102-0933\jre\bin\server

VM Arguments:
jvm_args: -Dfile.encoding=UTF-8 -XX:+ShowCodeDetailsInExceptionMessages 
java_command: Application
java_class_path (initial): C:\Lecture\01_java\JAVA_workspace\Kiosk\bin
Launcher Type: SUN_STANDARD

[Global flags]
     intx CICompilerCount                          = 4                                         {product} {ergonomic}
     uint ConcGCThreads                            = 3                                         {product} {ergonomic}
     uint G1ConcRefinementThreads                  = 10                                        {product} {ergonomic}
   size_t G1HeapRegionSize                         = 8388608                                   {product} {ergonomic}
    uintx GCDrainStackTargetSize                   = 64                                        {product} {ergonomic}
   size_t InitialHeapSize                          = 1073741824                                {product} {ergonomic}
   size_t MarkStackSize                            = 4194304                                   {product} {ergonomic}
   size_t MaxHeapSize                              = 17129537536                               {product} {ergonomic}
   size_t MinHeapDeltaBytes                        = 8388608                                   {product} {ergonomic}
   size_t MinHeapSize                              = 8388608                                   {product} {ergonomic}
    uintx NonNMethodCodeHeapSize                   = 5839372                                {pd product} {ergonomic}
    uintx NonProfiledCodeHeapSize                  = 122909434                              {pd product} {ergonomic}
    uintx ProfiledCodeHeapSize                     = 122909434                              {pd product} {ergonomic}
    uintx ReservedCodeCacheSize                    = 251658240                              {pd product} {ergonomic}
     bool SegmentedCodeCache                       = true                                      {product} {ergonomic}
     bool ShowCodeDetailsInExceptionMessages       = true                                   {manageable} {command line}
   size_t SoftMaxHeapSize                          = 17129537536                            {manageable} {ergonomic}
     bool UseCompressedClassPointers               = true                           {product lp64_product} {ergonomic}
     bool UseCompressedOops                        = true                           {product lp64_product} {ergonomic}
     bool UseG1GC                                  = true                                      {product} {ergonomic}
     bool UseLargePagesIndividualAllocation        = false                                  {pd product} {ergonomic}

Logging:
Log output configuration:
 #0: stdout all=warning uptime,level,tags
 #1: stderr all=off uptime,level,tags

Environment Variables:
PATH=C:/Users/giant/.p2/pool/plugins/org.eclipse.justj.openjdk.hotspot.jre.full.win32.x86_64_17.0.5.v20221102-0933/jre/bin/server;C:/Users/giant/.p2/pool/plugins/org.eclipse.justj.openjdk.hotspot.jre.full.win32.x86_64_17.0.5.v20221102-0933/jre/bin;C:\Python\Python38\Scripts\;C:\Python\Python38\;C:\Windows\system32;C:\Windows;C:\Windows\System32\Wbem;C:\Windows\System32\WindowsPowerShell\v1.0\;C:\Windows\System32\OpenSSH\;C:\Program Files (x86)\Intel\Intel(R) Management Engine Components\DAL;C:\Program Files\Intel\Intel(R) Management Engine Components\DAL;C:\Program Files (x86)\NVIDIA Corporation\PhysX\Common;C:\Program Files\NVIDIA Corporation\NVIDIA NGX;C:\Program Files\NVIDIA Corporation\NVIDIA NvDLISR;C:\Program Files\dotnet\;C:\WINDOWS\system32;C:\WINDOWS;C:\WINDOWS\System32\Wbem;C:\WINDOWS\System32\WindowsPowerShell\v1.0\;C:\WINDOWS\System32\OpenSSH\;C:\Program Files\MATLAB\R2021a\runtime\win64;C:\Program Files\MATLAB\R2021a\bin;C:\Program Files\PuTTY\;C:\Program Files\Git\cmd;C:\Program Files\ojdkbuild\java-11-openjdk-11.0.15-1\bin;C:\Users\giant\anaconda3;C:\Users\giant\anaconda3\Library\mingw-w64\bin;C:\Users\giant\anaconda3\Library\usr\bin;C:\Users\giant\anaconda3\Library\bin;C:\Users\giant\anaconda3\Scripts;C:\Users\giant\.cargo\bin;C:\Users\giant\AppData\Local\Microsoft\WindowsApps;C:\Python\PyCharm Community Edition 2020.1.2\bin;C:\Users\giant\AppData\Local\MaxTo\;C:\Users\giant\AppData\Local\atom\bin;C:\Users\giant\.dotnet\tools;C:\Users\giant\AppData\Local\Microsoft\WindowsApps;C:\Program Files\JetBrains\PyCharm 2021.3.2\bin;;C:\Users\giant\AppData\Local\GitHubDesktop\bin;C:\WINDOWS\system32;
USERNAME=giant
OS=Windows_NT
PROCESSOR_IDENTIFIER=Intel64 Family 6 Model 158 Stepping 10, GenuineIntel
TMP=C:\Users\giant\AppData\Local\Temp
TEMP=C:\Users\giant\AppData\Local\Temp



---------------  S Y S T E M  ---------------

OS:
 Windows 11 , 64 bit Build 22000 (10.0.22000.1335)
OS uptime: 2 days 2:45 hours
Hyper-V role detected

CPU: total 12 (initial active 12) (6 cores per cpu, 2 threads per core) family 6 model 158 stepping 10 microcode 0xf0, cx8, cmov, fxsr, ht, mmx, 3dnowpref, sse, sse2, sse3, ssse3, sse4.1, sse4.2, popcnt, lzcnt, tsc, tscinvbit, avx, avx2, aes, erms, clmul, bmi1, bmi2, adx, fma, vzeroupper, clflush, clflushopt, hv

Memory: 4k page, system-wide physical 65331M (29346M free)
TotalPageFile size 65843M (AvailPageFile size 864M)
current process WorkingSet (physical memory assigned to process): 11M, peak: 11M
current process commit charge ("private bytes"): 65M, peak: 1088M

vm_info: OpenJDK 64-Bit Server VM (17.0.5+8) for windows-amd64 JRE (17.0.5+8), built on Oct 19 2022 04:48:13 by "temurin" with MS VC++ 16.7 (VS2019)

END.
